github_uri	repo_name	create_dockerfile_exit_code
git://github.com/STRIDES-Codes/A-FAIR-Data-Collection-Tool-to-standardize-research-meta-data-collection.git	A-FAIR-Data-Collection-Tool-to-standardize-research-meta-data-collection	0
git://github.com/STRIDES-Codes/Applying-machine-learning-techniques-to-omics-and-imaging-data-to-model-complex-traits.git	Applying-machine-learning-techniques-to-omics-and-imaging-data-to-model-complex-traits	0
git://github.com/STRIDES-Codes/Exploring-feature-selection-in-deep-learning-models-for-GDC-Cancer-site-expression-data.git	Exploring-feature-selection-in-deep-learning-models-for-GDC-Cancer-site-expression-data	0
git://github.com/STRIDES-Codes/CSHL-BiocSwirl.git	CSHL-BiocSwirl	0
git://github.com/STRIDES-Codes/Creating-nontechnical-jupyter-notebooks-for-exploratory-data-analysis-and-machine-learning-modeling.git	Creating-nontechnical-jupyter-notebooks-for-exploratory-data-analysis-and-machine-learning-modeling	0
git://github.com/STRIDES-Codes/Variant-discovery-using-long-read-data-across-SRA.git	Variant-discovery-using-long-read-data-across-SRA	0
git://github.com/STRIDES-Codes/subject-sample-search.git	subject-sample-search	0
git://github.com/STRIDES-Codes/View-SNPs-in-3D.git	View-SNPs-in-3D	0
git://github.com/STRIDES-Codes/Combining-existing-sequence-analysis-methods-with-graph-displays-for-visualization.git	Combining-existing-sequence-analysis-methods-with-graph-displays-for-visualization	0
git://github.com/STRIDES-Codes/Long-Read-Proteogenomics.git	Long-Read-Proteogenomics	0
git://github.com/STRIDES-Codes/GPU-GWAS.git	GPU-GWAS	0
git://github.com/STRIDES-Codes/SARS-CoV-2-sequence-analysis-tutorial-using-Galaxy.git	SARS-CoV-2-sequence-analysis-tutorial-using-Galaxy	0
git://github.com/STRIDES-Codes/Enhancing-the-capacity-of-variant-effect-prediction-a-multidisciplinary-application.git	Enhancing-the-capacity-of-variant-effect-prediction-a-multidisciplinary-application	0
git://github.com/STRIDES-Codes/rust-hmmer.git	rust-hmmer	0
git://github.com/STRIDES-Codes/Multi-Omics-Data-Integration-Principles-Key-to-Breast-Cancer-Insights.git	Multi-Omics-Data-Integration-Principles-Key-to-Breast-Cancer-Insights	0
git://github.com/STRIDES-Codes/MicrobeTaxaSARS2.git	MicrobeTaxaSARS2	0
git://github.com/STRIDES-Codes/Integrating-Omics-Data-in-Medical-Records.git	Integrating-Omics-Data-in-Medical-Records	0
git://github.com/STRIDES-Codes/Mediation-analysis-for-disparity-research.git	Mediation-analysis-for-disparity-research	0
git://github.com/STRIDES-Codes/Cancer-Health-Disparities-through-genomic-epidemiology-Lens.git	Cancer-Health-Disparities-through-genomic-epidemiology-Lens	0
git://github.com/STRIDES-Codes/A-culturally-humble-and-affordable-digital-platform-to-empower-at-risk-families.git	A-culturally-humble-and-affordable-digital-platform-to-empower-at-risk-families	0
git://github.com/STRIDES-Codes/Racial-and-SES-Disparities-in-Adolescent-and-Young-Adult-Cancers.git	Racial-and-SES-Disparities-in-Adolescent-and-Young-Adult-Cancers	0
git://github.com/STRIDES-Codes/Examination-of-COVID-19-s-impact-on-maternal-health-disparities.git	Examination-of-COVID-19-s-impact-on-maternal-health-disparities	0
git://github.com/STRIDES-Codes/Supporting-Pandemic-Recovery-Building-insights-on-vaccine-hesitancy-in-the-communities-hardest-hit.git	Supporting-Pandemic-Recovery-Building-insights-on-vaccine-hesitancy-in-the-communities-hardest-hit	0
git://github.com/STRIDES-Codes/Harmonizing-Data-for-Social-Determinants-of-Health.git	Harmonizing-Data-for-Social-Determinants-of-Health	0
git://github.com/STRIDES-Codes/Mapping-Clinical-SDOH-Screening-Tools-to-ICD-10-SDOH-Z-Codes-to-create-EHR-workflows.git	Mapping-Clinical-SDOH-Screening-Tools-to-ICD-10-SDOH-Z-Codes-to-create-EHR-workflows	0
git://github.com/STRIDES-Codes/A-Way-Out.git	A-Way-Out	0
git://github.com/STRIDES-Codes/STAW-Health.git	STAW-Health	0
git://github.com/STRIDES-Codes/github_test.git	github_test	0
git://github.com/STRIDES-Codes/Hack-the-hack-Creating-an-automated-tool-for-running-hackathons.git	Hack-the-hack-Creating-an-automated-tool-for-running-hackathons	0
git://github.com/STRIDES-Codes/Protein-antibody-interactions-in-SARS-CoV-2-Molecular-Visualization-and-Informatics.git	Protein-antibody-interactions-in-SARS-CoV-2-Molecular-Visualization-and-Informatics	0
git://github.com/STRIDES-Codes/Creating-Rmarkdown-courses-to-teach-bioinformatic-analysis-pipelines.git	Creating-Rmarkdown-courses-to-teach-bioinformatic-analysis-pipelines	0
git://github.com/STRIDES-Codes/AnnotQC.git	AnnotQC	0
git://github.com/STRIDES-Codes/NL4Cell-Integrating-NLP-with-single-cell-data-analysis.git	NL4Cell-Integrating-NLP-with-single-cell-data-analysis	0
git://github.com/STRIDES-Codes/Creating-a-data-analytics-dashboards-highlighting-minority-maternal-health-disparities.git	Creating-a-data-analytics-dashboards-highlighting-minority-maternal-health-disparities	0
git://github.com/STRIDES-Codes/ACT.git	ACT	0
git://github.com/STRIDES-Codes/Uncovering-the-Nutritional-Landscape-of-Food.git	Uncovering-the-Nutritional-Landscape-of-Food	0
git://github.com/STRIDES-Codes/github-demo.git	github-demo	0
git://github.com/NCBI-Codeathons/ncbi-codeathons.github.io.git	ncbi-codeathons.github.io	1
git://github.com/NCBI-Codeathons/test-repo.git	test-repo	0
git://github.com/NCBI-Codeathons/example-repo.git	example-repo	0
git://github.com/NCBI-Codeathons/repo-test-2.git	repo-test-2	0
git://github.com/NCBI-Codeathons/Clouseau.git	Clouseau	0
git://github.com/NCBI-Codeathons/SCANCNV.git	SCANCNV	0
git://github.com/NCBI-Codeathons/MASQ.git	MASQ	0
git://github.com/NCBI-Codeathons/ASAP.git	ASAP	0
git://github.com/NCBI-Codeathons/super-minityper.git	super-minityper	0
git://github.com/NCBI-Codeathons/DeNovoSV.git	DeNovoSV	0
git://github.com/NCBI-Codeathons/SWIGG.git	SWIGG	0
git://github.com/NCBI-Codeathons/Automated-Figure-extraction-and-Tagging.git	Automated-Figure-extraction-and-Tagging	0
git://github.com/NCBI-Codeathons/Protein-Variant-Impact-Score.git	Protein-Variant-Impact-Score	0
git://github.com/NCBI-Codeathons/Using-PubMed-MEDLINE-Metadata-to-Generate-Knowledge.git	Using-PubMed-MEDLINE-Metadata-to-Generate-Knowledge	0
git://github.com/NCBI-Codeathons/NNLM-FOA-Finding-organizing-and-analyzing-NNLM-funded-activity-data.git	NNLM-FOA-Finding-organizing-and-analyzing-NNLM-funded-activity-data	0
git://github.com/NCBI-Codeathons/Taxonomy-specific-RPS-BLAST-part-I.git	Taxonomy-specific-RPS-BLAST-part-I	0
git://github.com/NCBI-Codeathons/Use-UMLS-and-Python-to-classify-website-visitor-queries-into-measurable-categories.git	Use-UMLS-and-Python-to-classify-website-visitor-queries-into-measurable-categories	0
git://github.com/NCBI-Codeathons/Tell-us-how-you-really-feel-sentiment-analysis-with-Twitter.git	Tell-us-how-you-really-feel-sentiment-analysis-with-Twitter	0
git://github.com/NCBI-Codeathons/Taxonomy_Domain_Integration.git	Taxonomy_Domain_Integration	0
git://github.com/NCBI-Codeathons/Domain_HMM_Boundaries.git	Domain_HMM_Boundaries	0
git://github.com/NCBI-Codeathons/Host_Phage_Interactions.git	Host_Phage_Interactions	0
git://github.com/NCBI-Codeathons/Virus_Graphs.git	Virus_Graphs	0
git://github.com/NCBI-Codeathons/The_Virus_Index.git	The_Virus_Index	0
git://github.com/NCBI-Codeathons/HOPDARM.git	HOPDARM	0
git://github.com/NCBI-Codeathons/A-DEEP-CONVOLUTIONAL-NEURAL-NETWORK-FOR-IDENTIFYING-THYROID-CANCER.git	A-DEEP-CONVOLUTIONAL-NEURAL-NETWORK-FOR-IDENTIFYING-THYROID-CANCER	0
git://github.com/NCBI-Codeathons/MONITORING-POST-OPERATIVE-HEAD-NECK-CANCER-PATIENTS-VIA-SELF-POWERED-SMART-INSOLES.git	MONITORING-POST-OPERATIVE-HEAD-NECK-CANCER-PATIENTS-VIA-SELF-POWERED-SMART-INSOLES	0
git://github.com/NCBI-Codeathons/DEFINITION-OF-CELL-CYCLE-STATE-IN-LABEL-FREE-IMAGES.git	DEFINITION-OF-CELL-CYCLE-STATE-IN-LABEL-FREE-IMAGES	0
git://github.com/NCBI-Codeathons/SLEuth.git	SLEuth	0
git://github.com/NCBI-Codeathons/THE-ISOFORM-POTENTIAL-OF-THE-GENOME.git	THE-ISOFORM-POTENTIAL-OF-THE-GENOME	0
git://github.com/NCBI-Codeathons/USING-MACHINE-LEARNING-TO-IMPROVE-POST-ACUTE-REHABILITATION-PROCESS-FLOW.git	USING-MACHINE-LEARNING-TO-IMPROVE-POST-ACUTE-REHABILITATION-PROCESS-FLOW	0
git://github.com/NCBI-Codeathons/NGcubed.git	NGcubed	0
git://github.com/NCBI-Codeathons/REAL-TIME-CARDIAC-ASSESSMENT-OF-CATHETERIZATION-DERIVED-FICK-AND-CMR-DERIVED-FLOW.git	REAL-TIME-CARDIAC-ASSESSMENT-OF-CATHETERIZATION-DERIVED-FICK-AND-CMR-DERIVED-FLOW	0
git://github.com/NCBI-Codeathons/NOVEL-CLINICAL-PREDICTION-APPROACHES-TO-MANAGING-CARE-FOR-ACUTE-PULMONARY-EMBOLISM-PATIENTS.git	NOVEL-CLINICAL-PREDICTION-APPROACHES-TO-MANAGING-CARE-FOR-ACUTE-PULMONARY-EMBOLISM-PATIENTS	0
git://github.com/NCBI-Codeathons/OPTICAL-COHERENCE-TOMOGRAPHY-ANGIOGRAPHY-IN-GLAUCOMA.git	OPTICAL-COHERENCE-TOMOGRAPHY-ANGIOGRAPHY-IN-GLAUCOMA	0
git://github.com/NCBI-Codeathons/Evolutionary_Protein_Interaction_Conjecture.git	Evolutionary_Protein_Interaction_Conjecture	0
git://github.com/NCBI-Codeathons/GWAusage.git	GWAusage	0
git://github.com/NCBI-Codeathons/VirusGraphs3.git	VirusGraphs3	0
git://github.com/NCBI-Codeathons/ViraVate.git	ViraVate	0
git://github.com/NCBI-Codeathons/single-cell-comparison.git	single-cell-comparison	0
git://github.com/NCBI-Codeathons/Assessment-of-log-transformation-and-z-scores-for-scRNA-seq-data-analysis.git	Assessment-of-log-transformation-and-z-scores-for-scRNA-seq-data-analysis	0
git://github.com/NCBI-Codeathons/Identifying-bulk-RNA-seq-derived-biomarkers-of-cancer-risk-within-single-cell-populations.git	Identifying-bulk-RNA-seq-derived-biomarkers-of-cancer-risk-within-single-cell-populations	0
git://github.com/NCBI-Codeathons/MASCARA.git	MASCARA	0
git://github.com/NCBI-Codeathons/Understand-cancer-evolution-through-single-cell-expression-dynamics.git	Understand-cancer-evolution-through-single-cell-expression-dynamics	0
git://github.com/NCBI-Codeathons/automated-sc-RNA-seq-analysis-in-the-cloud.git	automated-sc-RNA-seq-analysis-in-the-cloud	0
git://github.com/NCBI-Codeathons/NI.git	NI	0
git://github.com/NCBI-Codeathons/OMOPOmics.git	OMOPOmics	0
git://github.com/NCBI-Codeathons/MetGraphs.git	MetGraphs	0
git://github.com/NCBI-Codeathons/SeqMoid.git	SeqMoid	0
git://github.com/NCBI-Codeathons/Integrating-multi-omics-data-in-yeast.git	Integrating-multi-omics-data-in-yeast	0
git://github.com/NCBI-Codeathons/airbending_isoseq.git	airbending_isoseq	0
git://github.com/NCBI-Codeathons/Automating-tools-to-search-and-analyze-large-genome-sequence-repositories.git	Automating-tools-to-search-and-analyze-large-genome-sequence-repositories	0
git://github.com/NCBI-Codeathons/Diversifying-the-pipeline-for-identifying-bulk-RNA-seq-derived-biomarkers-of-cancer-risk-within-sing.git	Diversifying-the-pipeline-for-identifying-bulk-RNA-seq-derived-biomarkers-of-cancer-risk-within-sing	0
git://github.com/NCBI-Codeathons/Marker-Gene-Validator.git	Marker-Gene-Validator	0
git://github.com/NCBI-Codeathons/SARS-CoV-2-host-genes.git	SARS-CoV-2-host-genes	0
git://github.com/NCBI-Codeathons/Genes-in-the-Hood.git	Genes-in-the-Hood	0
git://github.com/NCBI-Codeathons/SARS2-Variation-Viewer.git	SARS2-Variation-Viewer	0
git://github.com/NCBI-Codeathons/NCGAS-cloud-workshop.git	NCGAS-cloud-workshop	0
git://github.com/NCBI-Codeathons/asm-ngs-workshop.git	asm-ngs-workshop	0
git://github.com/NCBI-Codeathons/glaucoma-oct-scans.git	glaucoma-oct-scans	0
git://github.com/NCBI-Codeathons/wgs-sars-cov2.git	wgs-sars-cov2	0
git://github.com/NCBI-Codeathons/lung-rna-seq.git	lung-rna-seq	0
git://github.com/NCBI-Codeathons/ElasticBLAST-CoFest-BOSC-2021.git	ElasticBLAST-CoFest-BOSC-2021	0
git://github.com/NCBI-Hackathons/hackathon_v001_rnaseq.git	hackathon_v001_rnaseq	0
git://github.com/NCBI-Hackathons/hackathon_v001_epigenomics.git	hackathon_v001_epigenomics	0
git://github.com/NCBI-Hackathons/hackathon_v001_metagenomics.git	hackathon_v001_metagenomics	0
git://github.com/NCBI-Hackathons/RNA_mapping.git	RNA_mapping	0
git://github.com/NCBI-Hackathons/HASSL_Homogeneous_Analysis_of_SRA_rnaSequencing_Libraries.git	HASSL_Homogeneous_Analysis_of_SRA_rnaSequencing_Libraries	0
git://github.com/NCBI-Hackathons/RNA-seq_Comparison_Pipeline.git	RNA-seq_Comparison_Pipeline	0
git://github.com/NCBI-Hackathons/NCBI_August_Hackathon_Push_Button_Genomics_Solution.git	NCBI_August_Hackathon_Push_Button_Genomics_Solution	0
git://github.com/NCBI-Hackathons/seqr.git	seqr	0
git://github.com/NCBI-Hackathons/Pharmacogenomics_Prediction_Pipeline_P3.git	Pharmacogenomics_Prediction_Pipeline_P3	0
git://github.com/NCBI-Hackathons/movetest.git	movetest	0
git://github.com/NCBI-Hackathons/DASH_cell_type.git	DASH_cell_type	0
git://github.com/NCBI-Hackathons/Community_Software_Tools_for_NGS.git	Community_Software_Tools_for_NGS	0
git://github.com/NCBI-Hackathons/seqr-tokenizer.git	seqr-tokenizer	0
git://github.com/NCBI-Hackathons/solr-tanimoto.git	solr-tanimoto	0
git://github.com/NCBI-Hackathons/Educational_Resources.git	Educational_Resources	0
git://github.com/NCBI-Hackathons/Resources_for_Designing_Hackathons.git	Resources_for_Designing_Hackathons	0
git://github.com/NCBI-Hackathons/Structural_Variant_Comparison.git	Structural_Variant_Comparison	0
git://github.com/NCBI-Hackathons/iMETRIC.git	iMETRIC	0
git://github.com/NCBI-Hackathons/Metadata_categorization.git	Metadata_categorization	0
git://github.com/NCBI-Hackathons/Network_SNPs.git	Network_SNPs	0
git://github.com/NCBI-Hackathons/SRA2R.git	SRA2R	0
git://github.com/NCBI-Hackathons/Structure_Visualization.git	Structure_Visualization	0
git://github.com/NCBI-Hackathons/rnaseqview.git	rnaseqview	0
git://github.com/NCBI-Hackathons/immunogenicity.git	immunogenicity	0
git://github.com/NCBI-Hackathons/neuronvar.git	neuronvar	0
git://github.com/NCBI-Hackathons/sv_and_isoforms_from_RNAseq.git	sv_and_isoforms_from_RNAseq	0
git://github.com/NCBI-Hackathons/3Dvizongenome.git	3Dvizongenome	0
git://github.com/NCBI-Hackathons/Ultrafast_protein_structure_viz_x.git	Ultrafast_protein_structure_viz_x	0
git://github.com/NCBI-Hackathons/3D_2D_Rep_Structure.git	3D_2D_Rep_Structure	0
git://github.com/NCBI-Hackathons/PDB2Genome.git	PDB2Genome	0
git://github.com/NCBI-Hackathons/Code_in_PubMed_Abstracts.git	Code_in_PubMed_Abstracts	0
git://github.com/NCBI-Hackathons/ECfromPDB.git	ECfromPDB	0
git://github.com/NCBI-Hackathons/icn3d.git	icn3d	0
git://github.com/NCBI-Hackathons/iCN3D-MMTF.git	iCN3D-MMTF	0
git://github.com/NCBI-Hackathons/svcompare.git	svcompare	0
git://github.com/NCBI-Hackathons/TCGA_dbGaP.git	TCGA_dbGaP	0
git://github.com/NCBI-Hackathons/Machine_Learning_Immunogenicity.git	Machine_Learning_Immunogenicity	0
git://github.com/NCBI-Hackathons/Network_Stats_Acc_Interop.git	Network_Stats_Acc_Interop	0
git://github.com/NCBI-Hackathons/Metagenomic_Transcriptomes.git	Metagenomic_Transcriptomes	0
git://github.com/NCBI-Hackathons/NIH_Bioinformatics_SIG_website.git	NIH_Bioinformatics_SIG_website	0
git://github.com/NCBI-Hackathons/GLBIO_Computational_Biologist_Speed_Dating_Session.git	GLBIO_Computational_Biologist_Speed_Dating_Session	0
git://github.com/NCBI-Hackathons/ncbi-hackathons.github.io.git	ncbi-hackathons.github.io	1
git://github.com/NCBI-Hackathons/NovoGraph.git	NovoGraph	0
git://github.com/NCBI-Hackathons/Structural_Variants_CSHL.git	Structural_Variants_CSHL	0
git://github.com/NCBI-Hackathons/Ultrafast_Mapping_CSHL.git	Ultrafast_Mapping_CSHL	0
git://github.com/NCBI-Hackathons/Cancer_Epitopes_CSHL.git	Cancer_Epitopes_CSHL	0
git://github.com/NCBI-Hackathons/ncbi-hackathons.git	ncbi-hackathons	0
git://github.com/NCBI-Hackathons/EDirectCookbook.git	EDirectCookbook	0
git://github.com/NCBI-Hackathons/Family_Health_History_EHR_Integration.git	Family_Health_History_EHR_Integration	0
git://github.com/NCBI-Hackathons/PubChem_WikiData_Interoperability.git	PubChem_WikiData_Interoperability	0
git://github.com/NCBI-Hackathons/PhenVar.git	PhenVar	0
git://github.com/NCBI-Hackathons/PubMed2GenePairs.git	PubMed2GenePairs	0
git://github.com/NCBI-Hackathons/PubRunner.git	PubRunner	0
git://github.com/NCBI-Hackathons/Visualizing_MeSH_Term_Interaction_Over_Time.git	Visualizing_MeSH_Term_Interaction_Over_Time	0
git://github.com/NCBI-Hackathons/FHH.git	FHH	1
git://github.com/NCBI-Hackathons/dockerbuilds.git	dockerbuilds	0
git://github.com/NCBI-Hackathons/Graph_Extraction.git	Graph_Extraction	0
git://github.com/NCBI-Hackathons/ga4gh-ncbi-api.git	ga4gh-ncbi-api	0
git://github.com/NCBI-Hackathons/Master_gff3_parser.git	Master_gff3_parser	0
git://github.com/NCBI-Hackathons/Scan2CNV.git	Scan2CNV	0
git://github.com/NCBI-Hackathons/Virus_Detection_SRA.git	Virus_Detection_SRA	0
git://github.com/NCBI-Hackathons/Epigenomics_CWL.git	Epigenomics_CWL	0
git://github.com/NCBI-Hackathons/Box_Jellyfish_Assembly.git	Box_Jellyfish_Assembly	0
git://github.com/NCBI-Hackathons/arvos.git	arvos	0
git://github.com/NCBI-Hackathons/PSST.git	PSST	0
git://github.com/NCBI-Hackathons/Tumor_sim.git	Tumor_sim	0
git://github.com/NCBI-Hackathons/BarcSeek.git	BarcSeek	0
git://github.com/NCBI-Hackathons/Virus_Domains.git	Virus_Domains	0
git://github.com/NCBI-Hackathons/Staph_aureus_viewer.git	Staph_aureus_viewer	1
git://github.com/NCBI-Hackathons/Proteomic_Correlation_Shiny.git	Proteomic_Correlation_Shiny	0
git://github.com/NCBI-Hackathons/SuMu.git	SuMu	0
git://github.com/NCBI-Hackathons/Mutation_burden.git	Mutation_burden	0
git://github.com/NCBI-Hackathons/Refactoring_Bioinformatics_Pipelines.git	Refactoring_Bioinformatics_Pipelines	0
git://github.com/NCBI-Hackathons/Run_an_NCBI-style_hackathon.git	Run_an_NCBI-style_hackathon	0
git://github.com/NCBI-Hackathons/SVAI_Redirect.git	SVAI_Redirect	0
git://github.com/NCBI-Hackathons/VirusFrankenstein.git	VirusFrankenstein	0
git://github.com/NCBI-Hackathons/SNPhancers.git	SNPhancers	0
git://github.com/NCBI-Hackathons/GenomicRobots.git	GenomicRobots	0
git://github.com/NCBI-Hackathons/ComplexPhenotypes.git	ComplexPhenotypes	0
git://github.com/NCBI-Hackathons/SCANT.git	SCANT	0
git://github.com/NCBI-Hackathons/NCBIComputationalCookbook.git	NCBIComputationalCookbook	0
git://github.com/NCBI-Hackathons/GeneExpressionAging.git	GeneExpressionAging	0
git://github.com/NCBI-Hackathons/OnlineAdapterDatabase.git	OnlineAdapterDatabase	0
git://github.com/NCBI-Hackathons/MetagenomicAntibioticResistance.git	MetagenomicAntibioticResistance	0
git://github.com/NCBI-Hackathons/Variant_analysis_pipelines.git	Variant_analysis_pipelines	0
git://github.com/NCBI-Hackathons/Genbank2sequin.git	Genbank2sequin	0
git://github.com/NCBI-Hackathons/SSX.git	SSX	0
git://github.com/NCBI-Hackathons/NCBI_Visiting_Bioinformatician_Program.git	NCBI_Visiting_Bioinformatician_Program	0
git://github.com/NCBI-Hackathons/past_virus_exposure_detection.git	past_virus_exposure_detection	0
git://github.com/NCBI-Hackathons/SPeW.git	SPeW	0
git://github.com/NCBI-Hackathons/SC3.git	SC3	0
git://github.com/NCBI-Hackathons/HAQmap.git	HAQmap	0
git://github.com/NCBI-Hackathons/virusspace.git	virusspace	0
git://github.com/NCBI-Hackathons/Metagenomics_Analysis_Course.git	Metagenomics_Analysis_Course	0
git://github.com/NCBI-Hackathons/ViruSpy.git	ViruSpy	0
git://github.com/NCBI-Hackathons/GRDR.git	GRDR	0
git://github.com/NCBI-Hackathons/Complex_Phenogeno.git	Complex_Phenogeno	0
git://github.com/NCBI-Hackathons/EndoVir.git	EndoVir	0
git://github.com/NCBI-Hackathons/LabPype.git	LabPype	0
git://github.com/NCBI-Hackathons/GoodDoc.git	GoodDoc	0
git://github.com/NCBI-Hackathons/Test_Code_1.git	Test_Code_1	0
git://github.com/NCBI-Hackathons/ContamFilter.git	ContamFilter	0
git://github.com/NCBI-Hackathons/ClinVar_in_3D.git	ClinVar_in_3D	0
git://github.com/NCBI-Hackathons/deSRA.git	deSRA	0
git://github.com/NCBI-Hackathons/NCBI_Jupyter.git	NCBI_Jupyter	0
git://github.com/NCBI-Hackathons/ProteinMagicBlast.git	ProteinMagicBlast	0
git://github.com/NCBI-Hackathons/MetadataTable.git	MetadataTable	0
git://github.com/NCBI-Hackathons/Got_Plasmid.git	Got_Plasmid	0
git://github.com/NCBI-Hackathons/Annotation_Checker.git	Annotation_Checker	0
git://github.com/NCBI-Hackathons/GeneFamTaxScan.git	GeneFamTaxScan	0
git://github.com/NCBI-Hackathons/VirusFriends.git	VirusFriends	0
git://github.com/NCBI-Hackathons/ApeShape.git	ApeShape	0
git://github.com/NCBI-Hackathons/Biollante.git	Biollante	0
git://github.com/NCBI-Hackathons/PuRSSE.git	PuRSSE	0
git://github.com/NCBI-Hackathons/CDEMapper.git	CDEMapper	0
git://github.com/NCBI-Hackathons/ClusterDuck.git	ClusterDuck	0
git://github.com/NCBI-Hackathons/EgreTT.git	EgreTT	0
git://github.com/NCBI-Hackathons/Viewthebams.git	Viewthebams	0
git://github.com/NCBI-Hackathons/viSRA.git	viSRA	0
git://github.com/NCBI-Hackathons/CustomBLAST.git	CustomBLAST	0
git://github.com/NCBI-Hackathons/SingleCellVariants.git	SingleCellVariants	0
git://github.com/NCBI-Hackathons/STREAMclean.git	STREAMclean	0
git://github.com/NCBI-Hackathons/ViRGo.git	ViRGo	0
git://github.com/NCBI-Hackathons/HackathonBaseImages.git	HackathonBaseImages	0
git://github.com/NCBI-Hackathons/genomicdata.io.git	genomicdata.io	0
git://github.com/NCBI-Hackathons/MASSIF-BLAST.git	MASSIF-BLAST	0
git://github.com/NCBI-Hackathons/chromatinonlinedatabase.git	chromatinonlinedatabase	0
git://github.com/NCBI-Hackathons/CakeCell.git	CakeCell	0
git://github.com/NCBI-Hackathons/CapNetProtStruct.git	CapNetProtStruct	0
git://github.com/NCBI-Hackathons/MR_BACOn.git	MR_BACOn	0
git://github.com/NCBI-Hackathons/drugdisco.git	drugdisco	0
git://github.com/NCBI-Hackathons/IEaT.git	IEaT	0
git://github.com/NCBI-Hackathons/RNAseq_variants.git	RNAseq_variants	0
git://github.com/NCBI-Hackathons/MetaMapLite_BioSample.git	MetaMapLite_BioSample	0
git://github.com/NCBI-Hackathons/PrecisionMedicineToolkit.git	PrecisionMedicineToolkit	0
git://github.com/NCBI-Hackathons/PubCode.git	PubCode	0
git://github.com/NCBI-Hackathons/viSRAtoo.git	viSRAtoo	0
git://github.com/NCBI-Hackathons/CXXToolkit.git	CXXToolkit	0
git://github.com/NCBI-Hackathons/HapPyNet.git	HapPyNet	0
git://github.com/NCBI-Hackathons/ContainerInception.git	ContainerInception	0
git://github.com/NCBI-Hackathons/SpoonFedNanopore.git	SpoonFedNanopore	0
git://github.com/NCBI-Hackathons/VirusAlert.git	VirusAlert	0
git://github.com/NCBI-Hackathons/Tryptase_Duplication.git	Tryptase_Duplication	0
git://github.com/NCBI-Hackathons/Salphagome.git	Salphagome	0
git://github.com/NCBI-Hackathons/seqacademy.git	seqacademy	0
git://github.com/NCBI-Hackathons/clint.git	clint	0
git://github.com/NCBI-Hackathons/MetaROOT.git	MetaROOT	1
git://github.com/NCBI-Hackathons/RetroSpotter.git	RetroSpotter	0
git://github.com/NCBI-Hackathons/PYRAMMID.git	PYRAMMID	0
git://github.com/NCBI-Hackathons/GeneHummus.git	GeneHummus	0
git://github.com/NCBI-Hackathons/MetaScare.git	MetaScare	0
git://github.com/NCBI-Hackathons/CUPofTEA.git	CUPofTEA	0
git://github.com/NCBI-Hackathons/HummusGraph.git	HummusGraph	0
git://github.com/NCBI-Hackathons/SimpleGeneExpression.git	SimpleGeneExpression	0
git://github.com/NCBI-Hackathons/Containers_and_Workflows_Workshop.git	Containers_and_Workflows_Workshop	0
git://github.com/NCBI-Hackathons/LNCPEP.git	LNCPEP	0
git://github.com/NCBI-Hackathons/McDiff.git	McDiff	0
git://github.com/NCBI-Hackathons/ATACFlow.git	ATACFlow	0
git://github.com/NCBI-Hackathons/chervil.git	chervil	0
git://github.com/NCBI-Hackathons/SRA_Tinder.git	SRA_Tinder	1
git://github.com/NCBI-Hackathons/Jupyterized_Pipelines.git	Jupyterized_Pipelines	0
git://github.com/NCBI-Hackathons/FlopPyBuild.git	FlopPyBuild	0
git://github.com/NCBI-Hackathons/RetroCancer.git	RetroCancer	0
git://github.com/NCBI-Hackathons/OrthoGrasp.git	OrthoGrasp	0
git://github.com/NCBI-Hackathons/TheVariantExpress.git	TheVariantExpress	0
git://github.com/NCBI-Hackathons/visavirgo.git	visavirgo	0
git://github.com/NCBI-Hackathons/PrIMP.git	PrIMP	0
git://github.com/NCBI-Hackathons/phenotypeXpression.git	phenotypeXpression	0
git://github.com/NCBI-Hackathons/CTEligible.git	CTEligible	1
git://github.com/NCBI-Hackathons/Bugs_And_Drugs.git	Bugs_And_Drugs	0
git://github.com/NCBI-Hackathons/FlowBio.git	FlowBio	0
git://github.com/NCBI-Hackathons/SVabel.git	SVabel	0
git://github.com/NCBI-Hackathons/DNArepdb.git	DNArepdb	0
git://github.com/NCBI-Hackathons/SafeDrugs.git	SafeDrugs	0
git://github.com/NCBI-Hackathons/PyClonal.git	PyClonal	0
git://github.com/NCBI-Hackathons/ScrubSV.git	ScrubSV	0
git://github.com/NCBI-Hackathons/Plasmitron.git	Plasmitron	0
git://github.com/NCBI-Hackathons/ExpressiVar.git	ExpressiVar	0
git://github.com/NCBI-Hackathons/RaGAN.git	RaGAN	0
git://github.com/NCBI-Hackathons/Peptides-SpecTra-Annotations-PaSTA.git	Peptides-SpecTra-Annotations-PaSTA	0
git://github.com/NCBI-Hackathons/Biological-structure-segmentation-in-microscopy-images-using-deep-learning.git	Biological-structure-segmentation-in-microscopy-images-using-deep-learning	0
git://github.com/NCBI-Hackathons/Semantic-search-log-analysis-pipeline.git	Semantic-search-log-analysis-pipeline	1
git://github.com/NCBI-Hackathons/PHANTUM.git	PHANTUM	0
git://github.com/NCBI-Hackathons/Hidden-Figures.git	Hidden-Figures	0
git://github.com/NCBI-Hackathons/AutoContain.git	AutoContain	0
git://github.com/NCBI-Hackathons/VirusDiscoveryProject.git	VirusDiscoveryProject	0
git://github.com/NCBI-Hackathons/HLAClustRView.git	HLAClustRView	0
git://github.com/NCBI-Hackathons/DiseaseCluster.git	DiseaseCluster	0
git://github.com/NCBI-Hackathons/Determination-of-all-control-datasets-in-large-public-repositories.git	Determination-of-all-control-datasets-in-large-public-repositories	0
git://github.com/NCBI-Hackathons/manubot_test.git	manubot_test	0
git://github.com/NCBI-Hackathons/TCRecePy.git	TCRecePy	0
git://github.com/NCBI-Hackathons/TurboReceptors.git	TurboReceptors	0
git://github.com/NCBI-Hackathons/deVoReaNN.git	deVoReaNN	0
git://github.com/NCBI-Hackathons/PocketProtectors.git	PocketProtectors	0
git://github.com/NCBI-Hackathons/NeuroFindeR.git	NeuroFindeR	0
git://github.com/NCBI-Hackathons/EcMOdel.git	EcMOdel	0
git://github.com/NCBI-Hackathons/HistoloMaps.git	HistoloMaps	0
git://github.com/NCBI-Hackathons/AreYouMeta.git	AreYouMeta	0
git://github.com/NCBI-Hackathons/HeartDicer.git	HeartDicer	0
git://github.com/NCBI-Hackathons/DiabetesDataViewer.git	DiabetesDataViewer	0
git://github.com/NCBI-Hackathons/TriFECTA.git	TriFECTA	0
git://github.com/NCBI-Hackathons/LiverLipidCoders.git	LiverLipidCoders	0
git://github.com/NCBI-Hackathons/Awesome_enhancer_promoter_dbs.git	Awesome_enhancer_promoter_dbs	0
git://github.com/NCBI-Hackathons/AssesSV.git	AssesSV	0
git://github.com/NCBI-Hackathons/Kipoi-GWAS.git	Kipoi-GWAS	0
git://github.com/NCBI-Hackathons/NCBI_PowerTools_Docker.git	NCBI_PowerTools_Docker	0
git://github.com/NCBI-Hackathons/FAIR_apps.git	FAIR_apps	0
git://github.com/NCBI-Hackathons/VirtualHeart.git	VirtualHeart	0
git://github.com/NCBI-Hackathons/FAIRy-COMPASS.git	FAIRy-COMPASS	0
git://github.com/NCBI-Hackathons/Clustering-autism-phenotypes-by-automated-text-analysis.git	Clustering-autism-phenotypes-by-automated-text-analysis	0
git://github.com/NCBI-Hackathons/Immune-Cell-Composition-estimation-in-the-Pediatric-Brain-Tumor-Atlas.git	Immune-Cell-Composition-estimation-in-the-Pediatric-Brain-Tumor-Atlas	0
git://github.com/NCBI-Hackathons/CytoMap.git	CytoMap	0
git://github.com/NCBI-Hackathons/Metabolomics-Data-Portal.git	Metabolomics-Data-Portal	0
git://github.com/NCBI-Hackathons/Curated_Metagenomics.git	Curated_Metagenomics	0
git://github.com/NCBI-Hackathons/EmbeddeDocker.git	EmbeddeDocker	0
git://github.com/NCBI-Hackathons/ConsensusML.git	ConsensusML	0
git://github.com/NCBI-Hackathons/MutPredMerge.git	MutPredMerge	0
git://github.com/NCBI-Hackathons/HaploCravat.git	HaploCravat	0
git://github.com/NCBI-Hackathons/Building-an-automatically-updating-interactive-web-visualizations-for-QC-metrics-of-ABCD-datasets.git	Building-an-automatically-updating-interactive-web-visualizations-for-QC-metrics-of-ABCD-datasets	0
git://github.com/NCBI-Hackathons/Phenogeno_Viz.git	Phenogeno_Viz	0
git://github.com/NCBI-Hackathons/Rapid_Clinical_Diagnostics.git	Rapid_Clinical_Diagnostics	0
git://github.com/NCBI-Hackathons/pheno_geno_ataxia.git	pheno_geno_ataxia	0
git://github.com/NCBI-Hackathons/UPWARD.git	UPWARD	0
git://github.com/NCBI-Hackathons/MassiveSeq.git	MassiveSeq	0
git://github.com/NCBI-Hackathons/RNA-Seq-in-the-Cloud.git	RNA-Seq-in-the-Cloud	0
git://github.com/NCBI-Hackathons/TheHumanPangenome.git	TheHumanPangenome	0
git://github.com/NCBI-Hackathons/Computational_Virology_Workshop.git	Computational_Virology_Workshop	0
git://github.com/NCBI-Hackathons/BioAssay-Express-Applying-FAIR-Principles-to-Bioassay-Protocols.git	BioAssay-Express-Applying-FAIR-Principles-to-Bioassay-Protocols	0
git://github.com/NCBI-Hackathons/BLAST-Pipelines-and-FAIR.git	BLAST-Pipelines-and-FAIR	0
git://github.com/NCBI-Hackathons/The-Broad-Institute-Single-Cell-RNA-Seq-Data-Set.git	The-Broad-Institute-Single-Cell-RNA-Seq-Data-Set	0
git://github.com/NCBI-Hackathons/Bringing-the-Power-of-Synthetic-Data-Generation-to-the-Masses.git	Bringing-the-Power-of-Synthetic-Data-Generation-to-the-Masses	0
git://github.com/NCBI-Hackathons/DOE-JGI-Genomics-Data-Set.git	DOE-JGI-Genomics-Data-Set	0
git://github.com/NCBI-Hackathons/Generating-a-Fungal-Index-for-the-SRA.git	Generating-a-Fungal-Index-for-the-SRA	0
git://github.com/NCBI-Hackathons/Integrating-Globus-into-Galaxy-to-Enable-FAIRifying-Data.git	Integrating-Globus-into-Galaxy-to-Enable-FAIRifying-Data	0
git://github.com/NCBI-Hackathons/personalgenomics.git	personalgenomics	0
git://github.com/NCBI-Hackathons/Expanding-OpenCRAVAT.git	Expanding-OpenCRAVAT	0
git://github.com/NCBI-Hackathons/Females-Are-Insisting-on-Reproducibility.git	Females-Are-Insisting-on-Reproducibility	0
git://github.com/NCBI-Hackathons/TraIN.git	TraIN	0
git://github.com/NCBI-Hackathons/Design-of-ICD-9-to-10-conversion-function-for-the-R-package-icd.git	Design-of-ICD-9-to-10-conversion-function-for-the-R-package-icd	0
git://github.com/NCBI-Hackathons/Viral-VDAP.git	Viral-VDAP	0
git://github.com/NCBI-Hackathons/Pipeline-for-Design-of-Patient-Specific-Disease-Progression-Phenotypes.git	Pipeline-for-Design-of-Patient-Specific-Disease-Progression-Phenotypes	0
git://github.com/NCBI-Hackathons/PubImproved.git	PubImproved	1
git://github.com/NCBI-Hackathons/WorkshopHackathon.git	WorkshopHackathon	0
git://github.com/NCBI-Hackathons/Hiding-in-plain-sight-unannotated-structural-variants-in-public-genomic-data-sets.git	Hiding-in-plain-sight-unannotated-structural-variants-in-public-genomic-data-sets	0
git://github.com/NCBI-Hackathons/Computational_Medicine_1.git	Computational_Medicine_1	0
git://github.com/NCBI-Hackathons/PhenVar2.git	PhenVar2	0
git://github.com/NCBI-Hackathons/CoExpressionBrowser.git	CoExpressionBrowser	0
git://github.com/NCBI-Hackathons/AD_Haplo_ML.git	AD_Haplo_ML	0
git://github.com/NCBI-Hackathons/cob.git	cob	0
git://github.com/NCBI-Hackathons/ncbi-cloud-tutorials.git	ncbi-cloud-tutorials	0
git://github.com/NCBI-Hackathons/ncbi-hackathonsdev.github.io.git	ncbi-hackathonsdev.github.io	1
git://github.com/NCBI-Hackathons/ncbi-hackathonsclone.git	ncbi-hackathonsclone	0
git://github.com/NCBI-Hackathons/MetaClaMP-ML.git	MetaClaMP-ML	0
git://github.com/NCBI-Hackathons/Nasty_Metagenomes.git	Nasty_Metagenomes	0
git://github.com/NCBI-Hackathons/Virulence_AMR_Data_Index_Resource.git	Virulence_AMR_Data_Index_Resource	0
git://github.com/NCBI-Hackathons/Metatranscriptomics_Pilot.git	Metatranscriptomics_Pilot	0
git://github.com/NCBI-Hackathons/Enterococcus_Mobile_Elements.git	Enterococcus_Mobile_Elements	0
git://github.com/NCBI-Hackathons/Virulence_Factor_Characterization.git	Virulence_Factor_Characterization	0
git://github.com/NCBI-Hackathons/HaploFHIR.git	HaploFHIR	0
