find: ‘/home/kopardevn/scratch/Testing/a-culturally-humble-and-affordable-dal-platform-to-empower-at-risk-families’: No such file or directory
find: ‘/home/kopardevn/scratch/Testing/a-culturally-humble-and-affordable-dal-platform-to-empower-at-risk-families’: No such file or directory
find: ‘/home/kopardevn/scratch/Testing/a-culturally-humble-and-affordable-dal-platform-to-empower-at-risk-families’: No such file or directory
find: ‘/home/kopardevn/scratch/Testing/a-culturally-humble-and-affordable-dal-platform-to-empower-at-risk-families’: No such file or directory
find: ‘/home/kopardevn/scratch/Testing/annotqc’: No such file or directory
find: ‘/home/kopardevn/scratch/Testing/annotqc’: No such file or directory
find: ‘/home/kopardevn/scratch/Testing/annotqc’: No such file or directory
find: ‘/home/kopardevn/scratch/Testing/annotqc’: No such file or directory
find: ‘/home/kopardevn/scratch/Testing/ncbi-codeathonshub.io’: No such file or directory
find: ‘/home/kopardevn/scratch/Testing/ncbi-codeathonshub.io’: No such file or directory
find: ‘/home/kopardevn/scratch/Testing/ncbi-codeathonshub.io’: No such file or directory
find: ‘/home/kopardevn/scratch/Testing/ncbi-codeathonshub.io’: No such file or directory
find: ‘/home/kopardevn/scratch/Testing/ncbi-hackathonshub.io’: No such file or directory
find: ‘/home/kopardevn/scratch/Testing/ncbi-hackathonshub.io’: No such file or directory
find: ‘/home/kopardevn/scratch/Testing/ncbi-hackathonshub.io’: No such file or directory
find: ‘/home/kopardevn/scratch/Testing/ncbi-hackathonshub.io’: No such file or directory
find: ‘/home/kopardevn/scratch/Testing/ncbi-hackathonsdevhub.io’: No such file or directory
find: ‘/home/kopardevn/scratch/Testing/ncbi-hackathonsdevhub.io’: No such file or directory
find: ‘/home/kopardevn/scratch/Testing/ncbi-hackathonsdevhub.io’: No such file or directory
find: ‘/home/kopardevn/scratch/Testing/ncbi-hackathonsdevhub.io’: No such file or directory
